Assuming unrestricted shared filesystem usage.
None
host: Noovera
Building DAG of jobs...
Using shell: /usr/bin/bash
Provided cores: 10
Rules claiming more threads will be scaled down.
Job stats:
job               count
--------------  -------
all                   1
bcftools_call         1
bwa_map               3
plot_quals            1
samtools_index        3
samtools_sort         3
total                12

Select jobs to execute...
Execute 1 jobs...
[Wed Jul  2 12:04:31 2025]
localrule bwa_map:
    input: data/genome.fa, data/samples/C.fastq
    output: mapped_reads/C.bam
    jobid: 8
    reason: Forced execution
    wildcards: sample=C
    threads: 8
    resources: tmpdir=/tmp
Select jobs to execute...
[Wed Jul  2 12:04:33 2025]
Finished jobid: 8 (Rule: bwa_map)
1 of 12 steps (8%) done
Execute 2 jobs...
[Wed Jul  2 12:04:33 2025]
localrule bwa_map:
    input: data/genome.fa, data/samples/A.fastq
    output: mapped_reads/A.bam
    jobid: 4
    reason: Forced execution
    wildcards: sample=A
    threads: 8
    resources: tmpdir=/tmp
[Wed Jul  2 12:04:34 2025]
localrule samtools_sort:
    input: mapped_reads/C.bam
    output: sorted_reads/C.bam
    jobid: 7
    reason: Forced execution
    wildcards: sample=C
    resources: tmpdir=/tmp
Select jobs to execute...
[Wed Jul  2 12:04:34 2025]
Finished jobid: 7 (Rule: samtools_sort)
2 of 12 steps (17%) done
Execute 1 jobs...
[Wed Jul  2 12:04:34 2025]
localrule samtools_index:
    input: sorted_reads/C.bam
    output: sorted_reads/C.bam.bai
    jobid: 11
    reason: Forced execution
    wildcards: sample=C
    resources: tmpdir=/tmp
[Wed Jul  2 12:04:34 2025]
Finished jobid: 11 (Rule: samtools_index)
3 of 12 steps (25%) done
Select jobs to execute...
[Wed Jul  2 12:04:35 2025]
Finished jobid: 4 (Rule: bwa_map)
4 of 12 steps (33%) done
Execute 2 jobs...
[Wed Jul  2 12:04:35 2025]
localrule samtools_sort:
    input: mapped_reads/A.bam
    output: sorted_reads/A.bam
    jobid: 3
    reason: Forced execution
    wildcards: sample=A
    resources: tmpdir=/tmp
[Wed Jul  2 12:04:35 2025]
localrule bwa_map:
    input: data/genome.fa, data/samples/B.fastq
    output: mapped_reads/B.bam
    jobid: 6
    reason: Forced execution
    wildcards: sample=B
    threads: 8
    resources: tmpdir=/tmp
[Wed Jul  2 12:04:35 2025]
Finished jobid: 3 (Rule: samtools_sort)
5 of 12 steps (42%) done
Select jobs to execute...
Execute 1 jobs...
[Wed Jul  2 12:04:35 2025]
localrule samtools_index:
    input: sorted_reads/A.bam
    output: sorted_reads/A.bam.bai
    jobid: 9
    reason: Forced execution
    wildcards: sample=A
    resources: tmpdir=/tmp
[Wed Jul  2 12:04:36 2025]
Finished jobid: 9 (Rule: samtools_index)
6 of 12 steps (50%) done
[Wed Jul  2 12:04:36 2025]
Finished jobid: 6 (Rule: bwa_map)
7 of 12 steps (58%) done
Select jobs to execute...
Execute 1 jobs...
[Wed Jul  2 12:04:36 2025]
localrule samtools_sort:
    input: mapped_reads/B.bam
    output: sorted_reads/B.bam
    jobid: 5
    reason: Forced execution
    wildcards: sample=B
    resources: tmpdir=/tmp
[Wed Jul  2 12:04:37 2025]
Finished jobid: 5 (Rule: samtools_sort)
8 of 12 steps (67%) done
Select jobs to execute...
Execute 1 jobs...
[Wed Jul  2 12:04:37 2025]
localrule samtools_index:
    input: sorted_reads/B.bam
    output: sorted_reads/B.bam.bai
    jobid: 10
    reason: Forced execution
    wildcards: sample=B
    resources: tmpdir=/tmp
[Wed Jul  2 12:04:37 2025]
Finished jobid: 10 (Rule: samtools_index)
9 of 12 steps (75%) done
Select jobs to execute...
Execute 1 jobs...
[Wed Jul  2 12:04:37 2025]
localrule bcftools_call:
    input: data/genome.fa, sorted_reads/A.bam, sorted_reads/B.bam, sorted_reads/C.bam, sorted_reads/A.bam.bai, sorted_reads/B.bam.bai, sorted_reads/C.bam.bai
    output: calls/all.vcf
    jobid: 2
    reason: Forced execution
    resources: tmpdir=/tmp
[Wed Jul  2 12:04:38 2025]
Finished jobid: 2 (Rule: bcftools_call)
10 of 12 steps (83%) done
Select jobs to execute...
Execute 1 jobs...
[Wed Jul  2 12:04:38 2025]
localrule plot_quals:
    input: calls/all.vcf
    output: plots/quals.svg
    jobid: 1
    reason: Forced execution
    resources: tmpdir=/tmp
[Wed Jul  2 12:04:41 2025]
Finished jobid: 1 (Rule: plot_quals)
11 of 12 steps (92%) done
Select jobs to execute...
Execute 1 jobs...
[Wed Jul  2 12:04:41 2025]
localrule all:
    input: plots/quals.svg
    jobid: 0
    reason: Forced execution
    resources: tmpdir=/tmp
[Wed Jul  2 12:04:41 2025]
Finished jobid: 0 (Rule: all)
12 of 12 steps (100%) done
Complete log(s): /mnt/c/Users/Qba Liu/Documents/STUDIA/PhD/CompCancer/snakemake-tutorial/ADVANCED_TUTORIAL/.snakemake/log/2025-07-02T120431.069394.snakemake.log
