Assuming unrestricted shared filesystem usage.
None
host: Noovera
Building DAG of jobs...
Using shell: /usr/bin/bash
Provided cores: 10
Rules claiming more threads will be scaled down.
Job stats:
job               count
--------------  -------
bcftools_call         1
bwa_map               2
samtools_index        2
samtools_sort         2
total                 7

Select jobs to execute...
Execute 2 jobs...
[Wed Jul  2 16:23:04 2025]
localrule bwa_map:
    input: data/genome.fa, data/samples/B.fastq
    output: mapped_reads/B.bam
    jobid: 4
    reason: Missing output files: mapped_reads/B.bam
    wildcards: sample=B
    resources: tmpdir=/tmp
[Wed Jul  2 16:23:04 2025]
localrule bwa_map:
    input: data/genome.fa, data/samples/A.fastq
    output: mapped_reads/A.bam
    jobid: 2
    reason: Missing output files: mapped_reads/A.bam
    wildcards: sample=A
    resources: tmpdir=/tmp
[Wed Jul  2 16:23:05 2025]
Finished jobid: 4 (Rule: bwa_map)
1 of 7 steps (14%) done
Select jobs to execute...
Execute 1 jobs...
[Wed Jul  2 16:23:05 2025]
localrule samtools_sort:
    input: mapped_reads/B.bam
    output: sorted_reads/B.bam
    jobid: 3
    reason: Missing output files: sorted_reads/B.bam; Input files updated by another job: mapped_reads/B.bam
    wildcards: sample=B
    resources: tmpdir=/tmp
[Wed Jul  2 16:23:05 2025]
Finished jobid: 2 (Rule: bwa_map)
2 of 7 steps (29%) done
Select jobs to execute...
Execute 1 jobs...
[Wed Jul  2 16:23:05 2025]
localrule samtools_sort:
    input: mapped_reads/A.bam
    output: sorted_reads/A.bam
    jobid: 1
    reason: Missing output files: sorted_reads/A.bam; Input files updated by another job: mapped_reads/A.bam
    wildcards: sample=A
    resources: tmpdir=/tmp
[Wed Jul  2 16:23:05 2025]
Finished jobid: 3 (Rule: samtools_sort)
3 of 7 steps (43%) done
Select jobs to execute...
Execute 1 jobs...
[Wed Jul  2 16:23:05 2025]
localrule samtools_index:
    input: sorted_reads/B.bam
    output: sorted_reads/B.bam.bai
    jobid: 6
    reason: Missing output files: sorted_reads/B.bam.bai; Input files updated by another job: sorted_reads/B.bam
    wildcards: sample=B
    resources: tmpdir=/tmp
[Wed Jul  2 16:23:05 2025]
Finished jobid: 1 (Rule: samtools_sort)
4 of 7 steps (57%) done
Select jobs to execute...
Execute 1 jobs...
[Wed Jul  2 16:23:05 2025]
localrule samtools_index:
    input: sorted_reads/A.bam
    output: sorted_reads/A.bam.bai
    jobid: 5
    reason: Missing output files: sorted_reads/A.bam.bai; Input files updated by another job: sorted_reads/A.bam
    wildcards: sample=A
    resources: tmpdir=/tmp
[Wed Jul  2 16:23:05 2025]
Finished jobid: 6 (Rule: samtools_index)
5 of 7 steps (71%) done
[Wed Jul  2 16:23:05 2025]
Finished jobid: 5 (Rule: samtools_index)
6 of 7 steps (86%) done
Select jobs to execute...
Execute 1 jobs...
[Wed Jul  2 16:23:05 2025]
localrule bcftools_call:
    input: data/genome.fa, sorted_reads/A.bam, sorted_reads/B.bam, sorted_reads/A.bam.bai, sorted_reads/B.bam.bai
    output: calls/all.vcf
    jobid: 0
    reason: Missing output files: calls/all.vcf; Input files updated by another job: sorted_reads/B.bam, sorted_reads/A.bam, sorted_reads/A.bam.bai, sorted_reads/B.bam.bai
    resources: tmpdir=/tmp
[Wed Jul  2 16:23:05 2025]
Finished jobid: 0 (Rule: bcftools_call)
7 of 7 steps (100%) done
Complete log(s): /mnt/c/Users/Qba Liu/Documents/STUDIA/PhD/CompCancer/snakemake-tutorial/ADDITIONAL_ASPECTS/.snakemake/log/2025-07-02T162304.273693.snakemake.log
